<?xml version="1.0" encoding="UTF-8"?>
<!-- Generated by org.testng.reporters.JUnitXMLReporter -->
<testsuite ignored="0" hostname="LAPTOP-LIHBLMM7" failures="0" tests="6" name="Default test" time="42.579" errors="0" timestamp="2025-03-24T10:20:30 IST">
  <testcase classname="org.blazedemo.BlazeDemo" name="launchApplication" time="4.135"/>
  <testcase classname="org.blazedemo.BlazeDemo" name="selectPhoneAndAddToCart" time="3.463"/>
  <testcase classname="org.blazedemo.BlazeDemo" name="selectLaptopAndAddToCart" time="3.161"/>
  <testcase classname="org.blazedemo.BlazeDemo" name="selectMonitorAndAddToCart" time="14.101"/>
  <testcase classname="org.blazedemo.BlazeDemo" name="removePhoneAndPlaceOrder" time="8.656"/>
  <testcase classname="org.blazedemo.BlazeDemo" name="verifySuccesfullMessage" time="0.148"/>
</testsuite> <!-- Default test -->
