<?xml version="1.0" encoding="UTF-8"?>
<!-- Generated by org.testng.reporters.JUnitXMLReporter -->
<testsuite ignored="0" hostname="LAPTOP-LIHBLMM7" failures="0" tests="6" name="Default test" time="22.991" errors="0" timestamp="2025-03-24T08:09:03 IST">
  <testcase classname="org.blazedemo.BlazeDemo" name="launchApplication" time="1.891"/>
  <testcase classname="org.blazedemo.BlazeDemo" name="selectPhoneAndAddToCart" time="3.52"/>
  <testcase classname="org.blazedemo.BlazeDemo" name="selectLaptopAndAddToCart" time="2.748"/>
  <testcase classname="org.blazedemo.BlazeDemo" name="selectMonitorAndAddToCart" time="4.16"/>
  <testcase classname="org.blazedemo.BlazeDemo" name="removePhoneAndPlaceOrder" time="8.131"/>
  <testcase classname="org.blazedemo.BlazeDemo" name="verifySuccesfullMessage" time="0.135"/>
</testsuite> <!-- Default test -->
