<?xml version="1.0" encoding="UTF-8"?>
<!-- Generated by org.testng.reporters.JUnitXMLReporter -->
<testsuite ignored="0" hostname="LAPTOP-LIHBLMM7" failures="0" tests="6" name="Test" time="24.748" errors="0" timestamp="2025-03-24T13:19:21 IST">
  <testcase classname="org.blazedemo.BlazeDemo" name="launchApplication" time="2.076"/>
  <testcase classname="org.blazedemo.BlazeDemo" name="selectPhoneAndAddToCart" time="3.817"/>
  <testcase classname="org.blazedemo.BlazeDemo" name="selectLaptopAndAddToCart" time="2.676"/>
  <testcase classname="org.blazedemo.BlazeDemo" name="selectMonitorAndAddToCart" time="3.702"/>
  <testcase classname="org.blazedemo.BlazeDemo" name="removePhoneAndPlaceOrder" time="8.067"/>
  <testcase classname="org.blazedemo.BlazeDemo" name="verifySuccesfullMessage" time="1.191"/>
</testsuite> <!-- Test -->
