<?xml version="1.0" encoding="UTF-8"?>
<!-- Generated by org.testng.reporters.JUnitXMLReporter -->
<testsuite ignored="0" hostname="LAPTOP-LIHBLMM7" failures="0" tests="6" name="Test" time="24.068" errors="0" timestamp="2025-03-23T20:46:56 IST">
  <testcase classname="org.blazedemo.BlazeDemo" name="launchApplication" time="1.962"/>
  <testcase classname="org.blazedemo.BlazeDemo" name="selectPhoneAndBuy" time="3.979"/>
  <testcase classname="org.blazedemo.BlazeDemo" name="selectLaptopAndBuy" time="3.432"/>
  <testcase classname="org.blazedemo.BlazeDemo" name="selectMonitorAndBuy" time="3.813"/>
  <testcase classname="org.blazedemo.BlazeDemo" name="removePhoneAndPlaceOrder" time="8.24"/>
  <testcase classname="org.blazedemo.BlazeDemo" name="verifySuccesfullMessage" time="0.171"/>
</testsuite> <!-- Test -->
